2024.11.09 06:01:29 INFO  Started: Metals version 1.4.0 in folders '/home/cagri/projects/streaming/streaming/scala' for client Visual Studio Code 1.95.1.[0m
2024.11.09 06:01:30 WARN  Flyway upgrade recommended: H2 2.3.232 is newer than this version of Flyway and support has not been tested. The latest supported version of H2 is 2.2.224.[0m
2024.11.09 06:01:30 INFO  Attempting to connect to the build server...[0m
2024.11.09 06:01:30 INFO  No running Bloop server found, starting one.[0m
2024.11.09 06:01:30 INFO  no build target found for /home/cagri/projects/streaming/streaming/scala/src/main/scala/Streaming.scala. Using presentation compiler with project's scala-library version: 3.3.4[0m
2024.11.09 06:01:29 INFO  no build target found for /home/cagri/projects/streaming/streaming/scala/src/main/scala/Streaming.scala. Using presentation compiler with project's scala-library version: 3.3.4[0m
2024.11.09 06:01:30 INFO  Starting compilation server[0m
2024.11.09 06:01:31 INFO  no build target found for /home/cagri/projects/streaming/streaming/scala/src/main/scala/Streaming.scala. Using presentation compiler with project's scala-library version: 3.3.4[0m
2024.11.09 06:01:31 INFO  no build target found for /home/cagri/projects/streaming/streaming/scala/src/main/scala/Streaming.scala. Using presentation compiler with project's scala-library version: 3.3.4[0m
2024.11.09 06:01:31 INFO  no build target found for /home/cagri/projects/streaming/streaming/scala/src/main/scala/Streaming.scala. Using presentation compiler with project's scala-library version: 3.3.4[0m
2024.11.09 06:01:32 INFO  tracing is disabled for protocol BSP, to enable tracing of incoming and outgoing JSON messages create an empty file at /home/cagri/projects/streaming/streaming/scala/.metals/bsp.trace.json or /home/cagri/.cache/metals/bsp.trace.json[0m
2024.11.09 06:01:32 INFO  time: Connected to build server in 1.97s[0m
2024.11.09 06:01:32 INFO  Connected to Build server: Bloop v2.0.3[0m
2024.11.09 06:01:32 INFO  running doctor check[0m
2024.11.09 06:01:32 INFO  java targets: [0m
2024.11.09 06:01:33 WARN  Flyway upgrade recommended: H2 2.3.232 is newer than this version of Flyway and support has not been tested. The latest supported version of H2 is 2.2.224.[0m
2024.11.09 06:01:33 INFO  time: indexed workspace in 1.17s[0m
2024.11.09 06:01:33 WARN  no build target for: /home/cagri/projects/streaming/streaming/scala/src/main/scala/Streaming.scala[0m
2024.11.09 06:01:33 INFO  no build target found for /home/cagri/projects/streaming/streaming/scala/src/main/scala/Streaming.scala. Using presentation compiler with project's scala-library version: 3.3.4[0m
2024.11.09 06:01:33 INFO  no build target found for /home/cagri/projects/streaming/streaming/scala/src/main/scala/Streaming.scala. Using presentation compiler with project's scala-library version: 3.3.4[0m
2024.11.09 06:01:38 INFO  no build target found for /home/cagri/projects/streaming/streaming/scala/src/main/scala/Streaming.scala. Using presentation compiler with project's scala-library version: 3.3.4[0m
2024.11.09 06:01:38 INFO  no build target found for /home/cagri/projects/streaming/streaming/scala/build.sbt. Using presentation compiler with project's scala-library version: 3.3.4[0m
2024.11.09 06:01:38 INFO  no build target found for /home/cagri/projects/streaming/streaming/scala/build.sbt. Using presentation compiler with project's scala-library version: 3.3.4[0m
2024.11.09 06:01:38 INFO  no build target found for /home/cagri/projects/streaming/streaming/scala/build.sbt. Using presentation compiler with project's scala-library version: 3.3.4[0m
2024.11.09 06:01:39 INFO  no build target found for /home/cagri/projects/streaming/streaming/scala/build.sbt. Using presentation compiler with project's scala-library version: 3.3.4[0m
2024.11.09 06:01:39 INFO  no build target found for /home/cagri/projects/streaming/streaming/scala/build.sbt. Using presentation compiler with project's scala-library version: 3.3.4[0m
2024.11.09 06:01:41 INFO  no build target found for /home/cagri/projects/streaming/streaming/scala/build.sbt. Using presentation compiler with project's scala-library version: 3.3.4[0m
2024.11.09 06:01:41 INFO  no build target found for /home/cagri/projects/streaming/streaming/scala/build.sbt. Using presentation compiler with project's scala-library version: 3.3.4[0m
2024.11.09 06:01:41 INFO  no build target found for /home/cagri/projects/streaming/streaming/scala/build.sbt. Using presentation compiler with project's scala-library version: 3.3.4[0m
2024.11.09 06:01:41 INFO  no build target found for /home/cagri/projects/streaming/streaming/scala/build.sbt. Using presentation compiler with project's scala-library version: 3.3.4[0m
2024.11.09 06:01:41 INFO  no build target found for /home/cagri/projects/streaming/streaming/scala/build.sbt. Using presentation compiler with project's scala-library version: 3.3.4[0m
2024.11.09 06:01:41 INFO  no build target found for /home/cagri/projects/streaming/streaming/scala/build.sbt. Using presentation compiler with project's scala-library version: 3.3.4[0m
2024.11.09 06:01:41 WARN  no build target for: /home/cagri/projects/streaming/streaming/scala/build.sbt[0m
2024.11.09 06:01:41 INFO  Detected new build tool in /home/cagri/projects/streaming/streaming/scala[0m
2024.11.09 06:01:41 INFO  Disconnecting from Bloop session...[0m
2024.11.09 06:01:41 INFO  no build target found for /home/cagri/projects/streaming/streaming/scala/build.sbt. Using presentation compiler with project's scala-library version: 3.3.4[0m
2024.11.09 06:01:41 INFO  Shut down connection with build server.[0m
2024.11.09 06:01:41 INFO  Attempting to connect to the build server...[0m
2024.11.09 06:01:41 INFO  Found a Bloop server running[0m
2024.11.09 06:01:42 INFO  tracing is disabled for protocol BSP, to enable tracing of incoming and outgoing JSON messages create an empty file at /home/cagri/projects/streaming/streaming/scala/.metals/bsp.trace.json or /home/cagri/.cache/metals/bsp.trace.json[0m
2024.11.09 06:01:42 INFO  time: Connected to build server in 0.11s[0m
2024.11.09 06:01:42 INFO  Connected to Build server: Bloop v2.0.3[0m
2024.11.09 06:01:41 INFO  running doctor check[0m
2024.11.09 06:01:41 INFO  java targets: [0m
2024.11.09 06:01:42 INFO  no build target found for /home/cagri/projects/streaming/streaming/scala/build.sbt. Using presentation compiler with project's scala-library version: 3.3.4[0m
2024.11.09 06:01:41 INFO  time: indexed workspace in 0.5s[0m
2024.11.09 06:01:42 WARN  no build target for: /home/cagri/projects/streaming/streaming/scala/build.sbt[0m
2024.11.09 06:01:42 INFO  no build target found for /home/cagri/projects/streaming/streaming/scala/build.sbt. Using presentation compiler with project's scala-library version: 3.3.4[0m
2024.11.09 06:01:41 INFO  no build target found for /home/cagri/projects/streaming/streaming/scala/build.sbt. Using presentation compiler with project's scala-library version: 3.3.4[0m
2024.11.09 06:01:44 INFO  no build target found for /home/cagri/projects/streaming/streaming/scala/build.sbt. Using presentation compiler with project's scala-library version: 3.3.4[0m
2024.11.09 06:01:45 INFO  no build target found for /home/cagri/projects/streaming/streaming/scala/src/main/scala/Streaming.scala. Using presentation compiler with project's scala-library version: 3.3.4[0m
2024.11.09 06:01:45 INFO  no build target found for /home/cagri/projects/streaming/streaming/scala/src/main/scala/Streaming.scala. Using presentation compiler with project's scala-library version: 3.3.4[0m
2024.11.09 06:01:45 INFO  no build target found for /home/cagri/projects/streaming/streaming/scala/src/main/scala/Streaming.scala. Using presentation compiler with project's scala-library version: 3.3.4[0m
2024.11.09 06:01:45 INFO  no build target found for /home/cagri/projects/streaming/streaming/scala/src/main/scala/Streaming.scala. Using presentation compiler with project's scala-library version: 3.3.4[0m
2024.11.09 06:02:51 INFO  no build target found for /home/cagri/projects/streaming/streaming/scala/src/main/scala/Streaming.scala. Using presentation compiler with project's scala-library version: 3.3.4[0m
2024.11.09 06:02:51 INFO  no build target found for /home/cagri/projects/streaming/streaming/scala/src/main/scala/Streaming.scala. Using presentation compiler with project's scala-library version: 3.3.4[0m
2024.11.09 06:02:51 INFO  no build target found for /home/cagri/projects/streaming/streaming/scala/src/main/scala/Streaming.scala. Using presentation compiler with project's scala-library version: 3.3.4[0m
2024.11.09 06:02:51 INFO  no build target found for /home/cagri/projects/streaming/streaming/scala/src/main/scala/Streaming.scala. Using presentation compiler with project's scala-library version: 3.3.4[0m
2024.11.09 06:02:51 INFO  no build target found for /home/cagri/projects/streaming/streaming/scala/src/main/scala/Streaming.scala. Using presentation compiler with project's scala-library version: 3.3.4[0m
2024.11.09 06:02:52 INFO  no build target found for /home/cagri/projects/streaming/streaming/scala/build.sbt. Using presentation compiler with project's scala-library version: 3.3.4[0m
2024.11.09 06:02:52 INFO  no build target found for /home/cagri/projects/streaming/streaming/scala/build.sbt. Using presentation compiler with project's scala-library version: 3.3.4[0m
2024.11.09 06:02:53 INFO  no build target found for /home/cagri/projects/streaming/streaming/scala/build.sbt. Using presentation compiler with project's scala-library version: 3.3.4[0m
2024.11.09 06:02:52 INFO  no build target found for /home/cagri/projects/streaming/streaming/scala/build.sbt. Using presentation compiler with project's scala-library version: 3.3.4[0m
2024.11.09 06:02:52 INFO  no build target found for /home/cagri/projects/streaming/streaming/scala/build.sbt. Using presentation compiler with project's scala-library version: 3.3.4[0m
2024.11.09 06:02:54 INFO  no build target found for /home/cagri/projects/streaming/streaming/scala/build.sbt. Using presentation compiler with project's scala-library version: 3.3.4[0m
2024.11.09 06:02:54 INFO  no build target found for /home/cagri/projects/streaming/streaming/scala/build.sbt. Using presentation compiler with project's scala-library version: 3.3.4[0m
2024.11.09 06:02:54 INFO  no build target found for /home/cagri/projects/streaming/streaming/scala/build.sbt. Using presentation compiler with project's scala-library version: 3.3.4[0m
2024.11.09 06:02:54 INFO  no build target found for /home/cagri/projects/streaming/streaming/scala/build.sbt. Using presentation compiler with project's scala-library version: 3.3.4[0m
2024.11.09 06:02:54 INFO  no build target found for /home/cagri/projects/streaming/streaming/scala/build.sbt. Using presentation compiler with project's scala-library version: 3.3.4[0m
2024.11.09 06:02:55 INFO  no build target found for /home/cagri/projects/streaming/streaming/scala/src/main/scala/Streaming.scala. Using presentation compiler with project's scala-library version: 3.3.4[0m
2024.11.09 06:02:55 INFO  no build target found for /home/cagri/projects/streaming/streaming/scala/src/main/scala/Streaming.scala. Using presentation compiler with project's scala-library version: 3.3.4[0m
2024.11.09 06:02:55 INFO  no build target found for /home/cagri/projects/streaming/streaming/scala/src/main/scala/Streaming.scala. Using presentation compiler with project's scala-library version: 3.3.4[0m
2024.11.09 06:02:55 INFO  no build target found for /home/cagri/projects/streaming/streaming/scala/src/main/scala/Streaming.scala. Using presentation compiler with project's scala-library version: 3.3.4[0m
2024.11.09 06:02:55 INFO  no build target found for /home/cagri/projects/streaming/streaming/scala/src/main/scala/Streaming.scala. Using presentation compiler with project's scala-library version: 3.3.4[0m
2024.11.09 06:02:56 INFO  no build target found for /home/cagri/projects/streaming/streaming/scala/src/main/scala/Streaming.scala. Using presentation compiler with project's scala-library version: 3.3.4[0m
2024.11.09 06:02:56 INFO  no build target found for /home/cagri/projects/streaming/streaming/scala/src/main/scala/Streaming.scala. Using presentation compiler with project's scala-library version: 3.3.4[0m
2024.11.09 06:02:56 INFO  no build target found for /home/cagri/projects/streaming/streaming/scala/build.sbt. Using presentation compiler with project's scala-library version: 3.3.4[0m
2024.11.09 06:02:56 INFO  no build target found for /home/cagri/projects/streaming/streaming/scala/build.sbt. Using presentation compiler with project's scala-library version: 3.3.4[0m
2024.11.09 06:02:56 INFO  no build target found for /home/cagri/projects/streaming/streaming/scala/build.sbt. Using presentation compiler with project's scala-library version: 3.3.4[0m
2024.11.09 06:02:57 INFO  no build target found for /home/cagri/projects/streaming/streaming/scala/build.sbt. Using presentation compiler with project's scala-library version: 3.3.4[0m
2024.11.09 06:02:58 INFO  no build target found for /home/cagri/projects/streaming/streaming/scala/build.sbt. Using presentation compiler with project's scala-library version: 3.3.4[0m
2024.11.09 06:02:58 INFO  no build target found for /home/cagri/projects/streaming/streaming/scala/build.sbt. Using presentation compiler with project's scala-library version: 3.3.4[0m
2024.11.09 06:03:26 INFO  no build target found for /home/cagri/projects/streaming/streaming/scala/build.sbt. Using presentation compiler with project's scala-library version: 3.3.4[0m
2024.11.09 06:03:26 INFO  no build target found for /home/cagri/projects/streaming/streaming/scala/src/main/scala/Streaming.scala. Using presentation compiler with project's scala-library version: 3.3.4[0m
2024.11.09 06:03:44 INFO  no build target found for /home/cagri/projects/streaming/streaming/scala/build.sbt. Using presentation compiler with project's scala-library version: 3.3.4[0m
2024.11.09 06:03:44 INFO  no build target found for /home/cagri/projects/streaming/streaming/scala/build.sbt. Using presentation compiler with project's scala-library version: 3.3.4[0m
2024.11.09 06:03:44 INFO  no build target found for /home/cagri/projects/streaming/streaming/scala/build.sbt. Using presentation compiler with project's scala-library version: 3.3.4[0m
2024.11.09 06:03:44 INFO  no build target found for /home/cagri/projects/streaming/streaming/scala/build.sbt. Using presentation compiler with project's scala-library version: 3.3.4[0m
2024.11.09 06:03:44 INFO  no build target found for /home/cagri/projects/streaming/streaming/scala/build.sbt. Using presentation compiler with project's scala-library version: 3.3.4[0m
2024.11.09 06:22:05 INFO  Shutting down server[0m
2024.11.09 06:22:05 INFO  shutting down Metals[0m
2024.11.09 06:22:05 INFO  Shut down connection with build server.[0m
2024.11.09 06:22:05 INFO  Exiting server[0m
2024.11.14 23:19:09 INFO  Started: Metals version 1.4.0 in folders '/home/cagri/projects/streaming/streaming/scala' for client Visual Studio Code 1.95.2.
2024.11.14 23:19:09 WARN  Flyway upgrade recommended: H2 2.3.232 is newer than this version of Flyway and support has not been tested. The latest supported version of H2 is 2.2.224.
2024.11.14 23:19:09 INFO  no build target found for /home/cagri/projects/streaming/streaming/scala/build.sbt. Using presentation compiler with project's scala-library version: 3.3.4
2024.11.14 23:19:09 INFO  Attempting to connect to the build server...
2024.11.14 23:19:09 INFO  No running Bloop server found, starting one.
2024.11.14 23:19:10 INFO  Starting compilation server
2024.11.14 23:19:10 INFO  no build target found for /home/cagri/projects/streaming/streaming/scala/build.sbt. Using presentation compiler with project's scala-library version: 3.3.4
2024.11.14 23:19:11 INFO  tracing is disabled for protocol BSP, to enable tracing of incoming and outgoing JSON messages create an empty file at /home/cagri/projects/streaming/streaming/scala/.metals/bsp.trace.json or /home/cagri/.cache/metals/bsp.trace.json
2024.11.14 23:19:11 INFO  time: Connected to build server in 1.66s
2024.11.14 23:19:11 INFO  Connected to Build server: Bloop v2.0.3
2024.11.14 23:19:11 INFO  running doctor check
2024.11.14 23:19:11 INFO  java targets: 
2024.11.14 23:19:11 INFO  no build target found for /home/cagri/projects/streaming/streaming/scala/build.sbt. Using presentation compiler with project's scala-library version: 3.3.4
2024.11.14 23:19:11 INFO  no build target found for /home/cagri/projects/streaming/streaming/scala/src/main/scala/Streaming.scala. Using presentation compiler with project's scala-library version: 3.3.4
2024.11.14 23:19:11 WARN  Flyway upgrade recommended: H2 2.3.232 is newer than this version of Flyway and support has not been tested. The latest supported version of H2 is 2.2.224.
2024.11.14 23:19:12 INFO  no build target found for /home/cagri/projects/streaming/streaming/scala/src/main/scala/Streaming.scala. Using presentation compiler with project's scala-library version: 3.3.4
2024.11.14 23:19:11 INFO  time: indexed workspace in 0.99s
2024.11.14 23:19:12 WARN  no build target for: /home/cagri/projects/streaming/streaming/scala/src/main/scala/Streaming.scala
2024.11.14 23:19:12 INFO  no build target found for /home/cagri/projects/streaming/streaming/scala/build.sbt. Using presentation compiler with project's scala-library version: 3.3.4
2024.11.14 23:19:12 INFO  no build target found for /home/cagri/projects/streaming/streaming/scala/src/main/scala/Streaming.scala. Using presentation compiler with project's scala-library version: 3.3.4
2024.11.14 23:19:13 INFO  no build target found for /home/cagri/projects/streaming/streaming/scala/src/main/scala/Streaming.scala. Using presentation compiler with project's scala-library version: 3.3.4
2024.11.14 23:19:15 INFO  no build target found for /home/cagri/projects/streaming/streaming/scala/src/main/scala/Streaming.scala. Using presentation compiler with project's scala-library version: 3.3.4
2024.11.14 23:19:18 INFO  no build target found for /home/cagri/projects/streaming/streaming/scala/src/main/scala/Streaming.scala. Using presentation compiler with project's scala-library version: 3.3.4
2024.11.14 23:19:18 INFO  no build target found for /home/cagri/projects/streaming/streaming/scala/build.sbt. Using presentation compiler with project's scala-library version: 3.3.4
2024.11.14 23:19:18 INFO  no build target found for /home/cagri/projects/streaming/streaming/scala/build.sbt. Using presentation compiler with project's scala-library version: 3.3.4
2024.11.14 23:19:18 INFO  no build target found for /home/cagri/projects/streaming/streaming/scala/build.sbt. Using presentation compiler with project's scala-library version: 3.3.4
2024.11.14 23:19:20 INFO  no build target found for /home/cagri/projects/streaming/streaming/scala/build.sbt. Using presentation compiler with project's scala-library version: 3.3.4
2024.11.14 23:19:20 INFO  no build target found for /home/cagri/projects/streaming/streaming/scala/build.sbt. Using presentation compiler with project's scala-library version: 3.3.4
2024.11.14 23:19:20 INFO  no build target found for /home/cagri/projects/streaming/streaming/scala/build.sbt. Using presentation compiler with project's scala-library version: 3.3.4
2024.11.14 23:19:20 INFO  no build target found for /home/cagri/projects/streaming/streaming/scala/build.sbt. Using presentation compiler with project's scala-library version: 3.3.4
2024.11.14 23:19:20 INFO  no build target found for /home/cagri/projects/streaming/streaming/scala/build.sbt. Using presentation compiler with project's scala-library version: 3.3.4
2024.11.14 23:19:21 INFO  no build target found for /home/cagri/projects/streaming/streaming/scala/build.sbt. Using presentation compiler with project's scala-library version: 3.3.4
2024.11.14 23:19:23 INFO  no build target found for /home/cagri/projects/streaming/streaming/scala/build.sbt. Using presentation compiler with project's scala-library version: 3.3.4
2024.11.14 23:19:28 INFO  no build target found for /home/cagri/projects/streaming/streaming/scala/build.sbt. Using presentation compiler with project's scala-library version: 3.3.4
2024.11.14 23:19:28 INFO  no build target found for /home/cagri/projects/streaming/streaming/scala/build.sbt. Using presentation compiler with project's scala-library version: 3.3.4
2024.11.14 23:19:29 INFO  no build target found for /home/cagri/projects/streaming/streaming/scala/build.sbt. Using presentation compiler with project's scala-library version: 3.3.4
2024.11.14 23:19:30 INFO  no build target found for /home/cagri/projects/streaming/streaming/scala/build.sbt. Using presentation compiler with project's scala-library version: 3.3.4
2024.11.14 23:19:30 INFO  no build target found for /home/cagri/projects/streaming/streaming/scala/build.sbt. Using presentation compiler with project's scala-library version: 3.3.4
2024.11.14 23:19:30 INFO  no build target found for /home/cagri/projects/streaming/streaming/scala/build.sbt. Using presentation compiler with project's scala-library version: 3.3.4
2024.11.14 23:19:34 INFO  no build target found for /home/cagri/projects/streaming/streaming/scala/build.sbt. Using presentation compiler with project's scala-library version: 3.3.4
2024.11.14 23:19:34 INFO  no build target found for /home/cagri/projects/streaming/streaming/scala/src/main/scala/Streaming.scala. Using presentation compiler with project's scala-library version: 3.3.4
2024.11.14 23:19:34 INFO  no build target found for /home/cagri/projects/streaming/streaming/scala/src/main/scala/Streaming.scala. Using presentation compiler with project's scala-library version: 3.3.4
2024.11.14 23:19:34 INFO  no build target found for /home/cagri/projects/streaming/streaming/scala/src/main/scala/Streaming.scala. Using presentation compiler with project's scala-library version: 3.3.4
2024.11.14 23:19:34 INFO  no build target found for /home/cagri/projects/streaming/streaming/scala/src/main/scala/Streaming.scala. Using presentation compiler with project's scala-library version: 3.3.4
2024.11.14 23:19:34 INFO  no build target found for /home/cagri/projects/streaming/streaming/scala/src/main/scala/Streaming.scala. Using presentation compiler with project's scala-library version: 3.3.4
2024.11.14 23:19:35 INFO  no build target found for /home/cagri/projects/streaming/streaming/scala/src/main/scala/Streaming.scala. Using presentation compiler with project's scala-library version: 3.3.4
2024.11.14 23:19:36 INFO  no build target found for /home/cagri/projects/streaming/streaming/scala/src/main/scala/Streaming.scala. Using presentation compiler with project's scala-library version: 3.3.4
2024.11.14 23:20:18 INFO  no build target found for /home/cagri/projects/streaming/streaming/scala/src/main/scala/Streaming.scala. Using presentation compiler with project's scala-library version: 3.3.4
2024.11.14 23:20:18 INFO  no build target found for /home/cagri/projects/streaming/streaming/scala/src/main/scala/Streaming.scala. Using presentation compiler with project's scala-library version: 3.3.4
2024.11.14 23:20:18 INFO  no build target found for /home/cagri/projects/streaming/streaming/scala/src/main/scala/Streaming.scala. Using presentation compiler with project's scala-library version: 3.3.4
2024.11.14 23:20:18 INFO  no build target found for /home/cagri/projects/streaming/streaming/scala/src/main/scala/Streaming.scala. Using presentation compiler with project's scala-library version: 3.3.4
2024.11.14 23:20:18 INFO  no build target found for /home/cagri/projects/streaming/streaming/scala/src/main/scala/Streaming.scala. Using presentation compiler with project's scala-library version: 3.3.4
2024.11.14 23:20:19 INFO  no build target found for /home/cagri/projects/streaming/streaming/scala/src/main/scala/Streaming.scala. Using presentation compiler with project's scala-library version: 3.3.4
2024.11.14 23:20:19 INFO  no build target found for /home/cagri/projects/streaming/streaming/scala/src/main/scala/Streaming.scala. Using presentation compiler with project's scala-library version: 3.3.4
2024.11.14 23:20:19 INFO  no build target found for /home/cagri/projects/streaming/streaming/scala/src/main/scala/Streaming.scala. Using presentation compiler with project's scala-library version: 3.3.4
2024.11.14 23:20:19 INFO  no build target found for /home/cagri/projects/streaming/streaming/scala/src/main/scala/Streaming.scala. Using presentation compiler with project's scala-library version: 3.3.4
2024.11.14 23:20:22 INFO  no build target found for /home/cagri/projects/streaming/streaming/scala/src/main/scala/Streaming.scala. Using presentation compiler with project's scala-library version: 3.3.4
2024.11.14 23:20:22 INFO  no build target found for /home/cagri/projects/streaming/streaming/scala/src/main/scala/Streaming.scala. Using presentation compiler with project's scala-library version: 3.3.4
2024.11.14 23:20:22 INFO  no build target found for /home/cagri/projects/streaming/streaming/scala/src/main/scala/Streaming.scala. Using presentation compiler with project's scala-library version: 3.3.4
2024.11.14 23:20:22 INFO  no build target found for /home/cagri/projects/streaming/streaming/scala/src/main/scala/Streaming.scala. Using presentation compiler with project's scala-library version: 3.3.4
2024.11.14 23:20:23 INFO  no build target found for /home/cagri/projects/streaming/streaming/scala/src/main/scala/Streaming.scala. Using presentation compiler with project's scala-library version: 3.3.4
2024.11.14 23:20:23 INFO  no build target found for /home/cagri/projects/streaming/streaming/scala/src/main/scala/Streaming.scala. Using presentation compiler with project's scala-library version: 3.3.4
2024.11.14 23:20:25 INFO  no build target found for /home/cagri/projects/streaming/streaming/scala/src/main/scala/Streaming.scala. Using presentation compiler with project's scala-library version: 3.3.4
2024.11.14 23:20:26 INFO  no build target found for /home/cagri/projects/streaming/streaming/scala/src/main/scala/Streaming.scala. Using presentation compiler with project's scala-library version: 3.3.4
2024.11.14 23:20:26 INFO  no build target found for /home/cagri/projects/streaming/streaming/scala/src/main/scala/Streaming.scala. Using presentation compiler with project's scala-library version: 3.3.4
2024.11.14 23:20:26 INFO  no build target found for /home/cagri/projects/streaming/streaming/scala/src/main/scala/Streaming.scala. Using presentation compiler with project's scala-library version: 3.3.4
2024.11.14 23:20:26 INFO  no build target found for /home/cagri/projects/streaming/streaming/scala/src/main/scala/Streaming.scala. Using presentation compiler with project's scala-library version: 3.3.4
2024.11.14 23:20:27 INFO  no build target found for /home/cagri/projects/streaming/streaming/scala/src/main/scala/Streaming.scala. Using presentation compiler with project's scala-library version: 3.3.4
2024.11.14 23:20:27 INFO  no build target found for /home/cagri/projects/streaming/streaming/scala/src/main/scala/Streaming.scala. Using presentation compiler with project's scala-library version: 3.3.4
2024.11.14 23:21:33 INFO  no build target found for /home/cagri/projects/streaming/streaming/scala/src/main/scala/Streaming.scala. Using presentation compiler with project's scala-library version: 3.3.4
2024.11.14 23:21:33 INFO  no build target found for /home/cagri/projects/streaming/streaming/scala/src/main/scala/Streaming.scala. Using presentation compiler with project's scala-library version: 3.3.4
2024.11.14 23:21:33 INFO  no build target found for /home/cagri/projects/streaming/streaming/scala/src/main/scala/Streaming.scala. Using presentation compiler with project's scala-library version: 3.3.4
2024.11.14 23:21:37 INFO  no build target found for /home/cagri/projects/streaming/streaming/scala/src/main/scala/Streaming.scala. Using presentation compiler with project's scala-library version: 3.3.4
2024.11.14 23:21:37 INFO  no build target found for /home/cagri/projects/streaming/streaming/scala/src/main/scala/Streaming.scala. Using presentation compiler with project's scala-library version: 3.3.4
2024.11.14 23:22:00 INFO  no build target found for /home/cagri/projects/streaming/streaming/scala/src/main/scala/Streaming.scala. Using presentation compiler with project's scala-library version: 3.3.4
2024.11.14 23:22:00 INFO  no build target found for /home/cagri/projects/streaming/streaming/scala/src/main/scala/Streaming.scala. Using presentation compiler with project's scala-library version: 3.3.4
2024.11.14 23:22:02 INFO  no build target found for /home/cagri/projects/streaming/streaming/scala/src/main/scala/Streaming.scala. Using presentation compiler with project's scala-library version: 3.3.4
Nov 14, 2024 11:22:02 PM org.eclipse.lsp4j.jsonrpc.RemoteEndpoint handleCancellation
WARNING: Unmatched cancel notification for request id 95
2024.11.14 23:22:02 INFO  no build target found for /home/cagri/projects/streaming/streaming/scala/src/main/scala/Streaming.scala. Using presentation compiler with project's scala-library version: 3.3.4
2024.11.14 23:22:02 INFO  no build target found for /home/cagri/projects/streaming/streaming/scala/src/main/scala/Streaming.scala. Using presentation compiler with project's scala-library version: 3.3.4
2024.11.14 23:22:02 INFO  no build target found for /home/cagri/projects/streaming/streaming/scala/src/main/scala/Streaming.scala. Using presentation compiler with project's scala-library version: 3.3.4
2024.11.14 23:22:05 INFO  no build target found for /home/cagri/projects/streaming/streaming/scala/src/main/scala/Streaming.scala. Using presentation compiler with project's scala-library version: 3.3.4
2024.11.14 23:22:05 INFO  no build target found for /home/cagri/projects/streaming/streaming/scala/src/main/scala/Streaming.scala. Using presentation compiler with project's scala-library version: 3.3.4
2024.11.14 23:22:05 INFO  no build target found for /home/cagri/projects/streaming/streaming/scala/src/main/scala/Streaming.scala. Using presentation compiler with project's scala-library version: 3.3.4
2024.11.14 23:22:05 INFO  no build target found for /home/cagri/projects/streaming/streaming/scala/src/main/scala/Streaming.scala. Using presentation compiler with project's scala-library version: 3.3.4
2024.11.14 23:22:07 WARN  no build target for: /home/cagri/projects/streaming/streaming/scala/src/main/scala/Streaming.scala
2024.11.14 23:22:07 INFO  no build target found for /home/cagri/projects/streaming/streaming/scala/src/main/scala/Streaming.scala. Using presentation compiler with project's scala-library version: 3.3.4
2024.11.14 23:23:14 INFO  no build target found for /home/cagri/projects/streaming/streaming/scala/src/main/scala/Streaming.scala. Using presentation compiler with project's scala-library version: 3.3.4
2024.11.14 23:23:15 INFO  no build target found for /home/cagri/projects/streaming/streaming/scala/src/main/scala/Streaming.scala. Using presentation compiler with project's scala-library version: 3.3.4
2024.11.14 23:23:15 INFO  no build target found for /home/cagri/projects/streaming/streaming/scala/src/main/scala/Streaming.scala. Using presentation compiler with project's scala-library version: 3.3.4
2024.11.14 23:23:15 INFO  no build target found for /home/cagri/projects/streaming/streaming/scala/src/main/scala/Streaming.scala. Using presentation compiler with project's scala-library version: 3.3.4
2024.11.14 23:23:18 INFO  no build target found for /home/cagri/projects/streaming/streaming/scala/src/main/scala/Streaming.scala. Using presentation compiler with project's scala-library version: 3.3.4
2024.11.14 23:23:18 INFO  no build target found for /home/cagri/projects/streaming/streaming/scala/src/main/scala/Streaming.scala. Using presentation compiler with project's scala-library version: 3.3.4
2024.11.14 23:23:18 INFO  no build target found for /home/cagri/projects/streaming/streaming/scala/src/main/scala/Streaming.scala. Using presentation compiler with project's scala-library version: 3.3.4
2024.11.14 23:23:18 INFO  no build target found for /home/cagri/projects/streaming/streaming/scala/src/main/scala/Streaming.scala. Using presentation compiler with project's scala-library version: 3.3.4
2024.11.14 23:23:19 INFO  no build target found for /home/cagri/projects/streaming/streaming/scala/src/main/scala/Streaming.scala. Using presentation compiler with project's scala-library version: 3.3.4
2024.11.14 23:23:18 INFO  no build target found for /home/cagri/projects/streaming/streaming/scala/src/main/scala/Streaming.scala. Using presentation compiler with project's scala-library version: 3.3.4
2024.11.14 23:23:19 INFO  no build target found for /home/cagri/projects/streaming/streaming/scala/src/main/scala/Streaming.scala. Using presentation compiler with project's scala-library version: 3.3.4
2024.11.14 23:23:19 INFO  no build target found for /home/cagri/projects/streaming/streaming/scala/src/main/scala/Streaming.scala. Using presentation compiler with project's scala-library version: 3.3.4
2024.11.14 23:23:19 INFO  no build target found for /home/cagri/projects/streaming/streaming/scala/src/main/scala/Streaming.scala. Using presentation compiler with project's scala-library version: 3.3.4
2024.11.14 23:23:19 INFO  no build target found for /home/cagri/projects/streaming/streaming/scala/src/main/scala/Streaming.scala. Using presentation compiler with project's scala-library version: 3.3.4
2024.11.14 23:23:19 INFO  no build target found for /home/cagri/projects/streaming/streaming/scala/src/main/scala/Streaming.scala. Using presentation compiler with project's scala-library version: 3.3.4
2024.11.14 23:23:20 INFO  no build target found for /home/cagri/projects/streaming/streaming/scala/src/main/scala/Streaming.scala. Using presentation compiler with project's scala-library version: 3.3.4
2024.11.14 23:23:20 INFO  no build target found for /home/cagri/projects/streaming/streaming/scala/src/main/scala/Streaming.scala. Using presentation compiler with project's scala-library version: 3.3.4
2024.11.14 23:23:20 INFO  no build target found for /home/cagri/projects/streaming/streaming/scala/src/main/scala/Streaming.scala. Using presentation compiler with project's scala-library version: 3.3.4
2024.11.14 23:23:20 INFO  no build target found for /home/cagri/projects/streaming/streaming/scala/src/main/scala/Streaming.scala. Using presentation compiler with project's scala-library version: 3.3.4
2024.11.14 23:23:21 INFO  no build target found for /home/cagri/projects/streaming/streaming/scala/src/main/scala/Streaming.scala. Using presentation compiler with project's scala-library version: 3.3.4
2024.11.14 23:23:21 INFO  no build target found for /home/cagri/projects/streaming/streaming/scala/src/main/scala/Streaming.scala. Using presentation compiler with project's scala-library version: 3.3.4
2024.11.14 23:23:21 INFO  no build target found for /home/cagri/projects/streaming/streaming/scala/src/main/scala/Streaming.scala. Using presentation compiler with project's scala-library version: 3.3.4
2024.11.14 23:23:21 INFO  no build target found for /home/cagri/projects/streaming/streaming/scala/src/main/scala/Streaming.scala. Using presentation compiler with project's scala-library version: 3.3.4
2024.11.14 23:23:22 INFO  no build target found for /home/cagri/projects/streaming/streaming/scala/src/main/scala/Streaming.scala. Using presentation compiler with project's scala-library version: 3.3.4
2024.11.14 23:23:22 INFO  no build target found for /home/cagri/projects/streaming/streaming/scala/src/main/scala/Streaming.scala. Using presentation compiler with project's scala-library version: 3.3.4
2024.11.14 23:23:21 INFO  no build target found for /home/cagri/projects/streaming/streaming/scala/src/main/scala/Streaming.scala. Using presentation compiler with project's scala-library version: 3.3.4
2024.11.14 23:23:22 INFO  no build target found for /home/cagri/projects/streaming/streaming/scala/src/main/scala/Streaming.scala. Using presentation compiler with project's scala-library version: 3.3.4
2024.11.14 23:23:22 INFO  no build target found for /home/cagri/projects/streaming/streaming/scala/src/main/scala/Streaming.scala. Using presentation compiler with project's scala-library version: 3.3.4
2024.11.14 23:23:22 INFO  no build target found for /home/cagri/projects/streaming/streaming/scala/src/main/scala/Streaming.scala. Using presentation compiler with project's scala-library version: 3.3.4
2024.11.14 23:23:22 INFO  no build target found for /home/cagri/projects/streaming/streaming/scala/src/main/scala/Streaming.scala. Using presentation compiler with project's scala-library version: 3.3.4
2024.11.14 23:23:22 INFO  no build target found for /home/cagri/projects/streaming/streaming/scala/src/main/scala/Streaming.scala. Using presentation compiler with project's scala-library version: 3.3.4
2024.11.14 23:23:22 INFO  no build target found for /home/cagri/projects/streaming/streaming/scala/src/main/scala/Streaming.scala. Using presentation compiler with project's scala-library version: 3.3.4
2024.11.14 23:23:23 INFO  no build target found for /home/cagri/projects/streaming/streaming/scala/src/main/scala/Streaming.scala. Using presentation compiler with project's scala-library version: 3.3.4
2024.11.14 23:23:23 INFO  no build target found for /home/cagri/projects/streaming/streaming/scala/src/main/scala/Streaming.scala. Using presentation compiler with project's scala-library version: 3.3.4
2024.11.14 23:23:23 INFO  no build target found for /home/cagri/projects/streaming/streaming/scala/src/main/scala/Streaming.scala. Using presentation compiler with project's scala-library version: 3.3.4
2024.11.14 23:23:23 INFO  no build target found for /home/cagri/projects/streaming/streaming/scala/src/main/scala/Streaming.scala. Using presentation compiler with project's scala-library version: 3.3.4
2024.11.14 23:23:24 INFO  no build target found for /home/cagri/projects/streaming/streaming/scala/src/main/scala/Streaming.scala. Using presentation compiler with project's scala-library version: 3.3.4
2024.11.14 23:23:25 INFO  no build target found for /home/cagri/projects/streaming/streaming/scala/src/main/scala/Streaming.scala. Using presentation compiler with project's scala-library version: 3.3.4
2024.11.14 23:23:25 INFO  no build target found for /home/cagri/projects/streaming/streaming/scala/src/main/scala/Streaming.scala. Using presentation compiler with project's scala-library version: 3.3.4
2024.11.14 23:23:25 INFO  no build target found for /home/cagri/projects/streaming/streaming/scala/src/main/scala/Streaming.scala. Using presentation compiler with project's scala-library version: 3.3.4
2024.11.14 23:23:25 INFO  no build target found for /home/cagri/projects/streaming/streaming/scala/src/main/scala/Streaming.scala. Using presentation compiler with project's scala-library version: 3.3.4
2024.11.14 23:23:25 INFO  no build target found for /home/cagri/projects/streaming/streaming/scala/src/main/scala/Streaming.scala. Using presentation compiler with project's scala-library version: 3.3.4
2024.11.14 23:23:26 INFO  no build target found for /home/cagri/projects/streaming/streaming/scala/src/main/scala/Streaming.scala. Using presentation compiler with project's scala-library version: 3.3.4
2024.11.14 23:23:26 INFO  no build target found for /home/cagri/projects/streaming/streaming/scala/src/main/scala/Streaming.scala. Using presentation compiler with project's scala-library version: 3.3.4
2024.11.14 23:23:26 INFO  no build target found for /home/cagri/projects/streaming/streaming/scala/src/main/scala/Streaming.scala. Using presentation compiler with project's scala-library version: 3.3.4
2024.11.14 23:23:26 INFO  no build target found for /home/cagri/projects/streaming/streaming/scala/src/main/scala/Streaming.scala. Using presentation compiler with project's scala-library version: 3.3.4
2024.11.14 23:23:26 INFO  no build target found for /home/cagri/projects/streaming/streaming/scala/src/main/scala/Streaming.scala. Using presentation compiler with project's scala-library version: 3.3.4
2024.11.14 23:23:28 INFO  no build target found for /home/cagri/projects/streaming/streaming/scala/src/main/scala/Streaming.scala. Using presentation compiler with project's scala-library version: 3.3.4
2024.11.14 23:23:28 INFO  no build target found for /home/cagri/projects/streaming/streaming/scala/src/main/scala/Streaming.scala. Using presentation compiler with project's scala-library version: 3.3.4
2024.11.14 23:23:28 INFO  no build target found for /home/cagri/projects/streaming/streaming/scala/src/main/scala/Streaming.scala. Using presentation compiler with project's scala-library version: 3.3.4
2024.11.14 23:23:28 INFO  no build target found for /home/cagri/projects/streaming/streaming/scala/src/main/scala/Streaming.scala. Using presentation compiler with project's scala-library version: 3.3.4
2024.11.14 23:23:29 INFO  no build target found for /home/cagri/projects/streaming/streaming/scala/src/main/scala/Streaming.scala. Using presentation compiler with project's scala-library version: 3.3.4
2024.11.14 23:23:29 INFO  no build target found for /home/cagri/projects/streaming/streaming/scala/src/main/scala/Streaming.scala. Using presentation compiler with project's scala-library version: 3.3.4
2024.11.14 23:23:29 INFO  no build target found for /home/cagri/projects/streaming/streaming/scala/src/main/scala/Streaming.scala. Using presentation compiler with project's scala-library version: 3.3.4
2024.11.14 23:23:29 INFO  no build target found for /home/cagri/projects/streaming/streaming/scala/src/main/scala/Streaming.scala. Using presentation compiler with project's scala-library version: 3.3.4
2024.11.14 23:23:29 INFO  no build target found for /home/cagri/projects/streaming/streaming/scala/src/main/scala/Streaming.scala. Using presentation compiler with project's scala-library version: 3.3.4
2024.11.14 23:23:29 INFO  no build target found for /home/cagri/projects/streaming/streaming/scala/src/main/scala/Streaming.scala. Using presentation compiler with project's scala-library version: 3.3.4
2024.11.14 23:23:29 INFO  no build target found for /home/cagri/projects/streaming/streaming/scala/src/main/scala/Streaming.scala. Using presentation compiler with project's scala-library version: 3.3.4
2024.11.14 23:23:29 INFO  no build target found for /home/cagri/projects/streaming/streaming/scala/src/main/scala/Streaming.scala. Using presentation compiler with project's scala-library version: 3.3.4
2024.11.14 23:23:30 INFO  no build target found for /home/cagri/projects/streaming/streaming/scala/src/main/scala/Streaming.scala. Using presentation compiler with project's scala-library version: 3.3.4
2024.11.14 23:23:30 INFO  no build target found for /home/cagri/projects/streaming/streaming/scala/src/main/scala/Streaming.scala. Using presentation compiler with project's scala-library version: 3.3.4
2024.11.14 23:23:30 INFO  no build target found for /home/cagri/projects/streaming/streaming/scala/src/main/scala/Streaming.scala. Using presentation compiler with project's scala-library version: 3.3.4
2024.11.14 23:23:30 INFO  no build target found for /home/cagri/projects/streaming/streaming/scala/src/main/scala/Streaming.scala. Using presentation compiler with project's scala-library version: 3.3.4
2024.11.14 23:23:30 INFO  no build target found for /home/cagri/projects/streaming/streaming/scala/src/main/scala/Streaming.scala. Using presentation compiler with project's scala-library version: 3.3.4
2024.11.14 23:23:31 INFO  no build target found for /home/cagri/projects/streaming/streaming/scala/src/main/scala/Streaming.scala. Using presentation compiler with project's scala-library version: 3.3.4
2024.11.14 23:23:31 INFO  no build target found for /home/cagri/projects/streaming/streaming/scala/src/main/scala/Streaming.scala. Using presentation compiler with project's scala-library version: 3.3.4
2024.11.14 23:23:30 INFO  no build target found for /home/cagri/projects/streaming/streaming/scala/src/main/scala/Streaming.scala. Using presentation compiler with project's scala-library version: 3.3.4
2024.11.14 23:23:31 INFO  no build target found for /home/cagri/projects/streaming/streaming/scala/src/main/scala/Streaming.scala. Using presentation compiler with project's scala-library version: 3.3.4
2024.11.14 23:23:31 INFO  no build target found for /home/cagri/projects/streaming/streaming/scala/src/main/scala/Streaming.scala. Using presentation compiler with project's scala-library version: 3.3.4
2024.11.14 23:23:31 INFO  no build target found for /home/cagri/projects/streaming/streaming/scala/src/main/scala/Streaming.scala. Using presentation compiler with project's scala-library version: 3.3.4
2024.11.14 23:23:31 INFO  no build target found for /home/cagri/projects/streaming/streaming/scala/src/main/scala/Streaming.scala. Using presentation compiler with project's scala-library version: 3.3.4
2024.11.14 23:23:31 INFO  no build target found for /home/cagri/projects/streaming/streaming/scala/src/main/scala/Streaming.scala. Using presentation compiler with project's scala-library version: 3.3.4
2024.11.14 23:23:31 INFO  no build target found for /home/cagri/projects/streaming/streaming/scala/src/main/scala/Streaming.scala. Using presentation compiler with project's scala-library version: 3.3.4
2024.11.14 23:23:31 INFO  no build target found for /home/cagri/projects/streaming/streaming/scala/src/main/scala/Streaming.scala. Using presentation compiler with project's scala-library version: 3.3.4
2024.11.14 23:23:31 INFO  no build target found for /home/cagri/projects/streaming/streaming/scala/src/main/scala/Streaming.scala. Using presentation compiler with project's scala-library version: 3.3.4
2024.11.14 23:23:31 INFO  no build target found for /home/cagri/projects/streaming/streaming/scala/src/main/scala/Streaming.scala. Using presentation compiler with project's scala-library version: 3.3.4
2024.11.14 23:23:31 INFO  no build target found for /home/cagri/projects/streaming/streaming/scala/src/main/scala/Streaming.scala. Using presentation compiler with project's scala-library version: 3.3.4
2024.11.14 23:23:33 INFO  no build target found for /home/cagri/projects/streaming/streaming/scala/src/main/scala/Streaming.scala. Using presentation compiler with project's scala-library version: 3.3.4
2024.11.14 23:23:33 INFO  no build target found for /home/cagri/projects/streaming/streaming/scala/src/main/scala/Streaming.scala. Using presentation compiler with project's scala-library version: 3.3.4
2024.11.14 23:23:33 INFO  no build target found for /home/cagri/projects/streaming/streaming/scala/src/main/scala/Streaming.scala. Using presentation compiler with project's scala-library version: 3.3.4
2024.11.14 23:23:33 INFO  no build target found for /home/cagri/projects/streaming/streaming/scala/src/main/scala/Streaming.scala. Using presentation compiler with project's scala-library version: 3.3.4
2024.11.14 23:23:33 INFO  no build target found for /home/cagri/projects/streaming/streaming/scala/src/main/scala/Streaming.scala. Using presentation compiler with project's scala-library version: 3.3.4
2024.11.14 23:23:34 INFO  no build target found for /home/cagri/projects/streaming/streaming/scala/src/main/scala/Streaming.scala. Using presentation compiler with project's scala-library version: 3.3.4
2024.11.14 23:23:34 INFO  no build target found for /home/cagri/projects/streaming/streaming/scala/src/main/scala/Streaming.scala. Using presentation compiler with project's scala-library version: 3.3.4
2024.11.14 23:23:34 INFO  no build target found for /home/cagri/projects/streaming/streaming/scala/src/main/scala/Streaming.scala. Using presentation compiler with project's scala-library version: 3.3.4
2024.11.14 23:23:34 INFO  no build target found for /home/cagri/projects/streaming/streaming/scala/src/main/scala/Streaming.scala. Using presentation compiler with project's scala-library version: 3.3.4
2024.11.14 23:23:34 INFO  no build target found for /home/cagri/projects/streaming/streaming/scala/src/main/scala/Streaming.scala. Using presentation compiler with project's scala-library version: 3.3.4
2024.11.14 23:23:34 INFO  no build target found for /home/cagri/projects/streaming/streaming/scala/src/main/scala/Streaming.scala. Using presentation compiler with project's scala-library version: 3.3.4
2024.11.14 23:23:34 INFO  no build target found for /home/cagri/projects/streaming/streaming/scala/src/main/scala/Streaming.scala. Using presentation compiler with project's scala-library version: 3.3.4
2024.11.14 23:23:34 INFO  no build target found for /home/cagri/projects/streaming/streaming/scala/src/main/scala/Streaming.scala. Using presentation compiler with project's scala-library version: 3.3.4
2024.11.14 23:23:35 INFO  no build target found for /home/cagri/projects/streaming/streaming/scala/src/main/scala/Streaming.scala. Using presentation compiler with project's scala-library version: 3.3.4
2024.11.14 23:23:35 INFO  no build target found for /home/cagri/projects/streaming/streaming/scala/src/main/scala/Streaming.scala. Using presentation compiler with project's scala-library version: 3.3.4
2024.11.14 23:23:35 INFO  no build target found for /home/cagri/projects/streaming/streaming/scala/src/main/scala/Streaming.scala. Using presentation compiler with project's scala-library version: 3.3.4
2024.11.14 23:23:35 INFO  no build target found for /home/cagri/projects/streaming/streaming/scala/src/main/scala/Streaming.scala. Using presentation compiler with project's scala-library version: 3.3.4
2024.11.14 23:23:36 WARN  no build target for: /home/cagri/projects/streaming/streaming/scala/src/main/scala/Streaming.scala
2024.11.14 23:23:36 INFO  no build target found for /home/cagri/projects/streaming/streaming/scala/src/main/scala/Streaming.scala. Using presentation compiler with project's scala-library version: 3.3.4
2024.11.14 23:23:36 INFO  no build target found for /home/cagri/projects/streaming/streaming/scala/src/main/scala/Streaming.scala. Using presentation compiler with project's scala-library version: 3.3.4
2024.11.14 23:23:36 INFO  no build target found for /home/cagri/projects/streaming/streaming/scala/src/main/scala/Streaming.scala. Using presentation compiler with project's scala-library version: 3.3.4
2024.11.14 23:23:36 INFO  no build target found for /home/cagri/projects/streaming/streaming/scala/src/main/scala/Streaming.scala. Using presentation compiler with project's scala-library version: 3.3.4
2024.11.14 23:23:36 INFO  no build target found for /home/cagri/projects/streaming/streaming/scala/src/main/scala/Streaming.scala. Using presentation compiler with project's scala-library version: 3.3.4
2024.11.14 23:23:38 INFO  no build target found for /home/cagri/projects/streaming/streaming/scala/src/main/scala/Streaming.scala. Using presentation compiler with project's scala-library version: 3.3.4
2024.11.14 23:23:38 INFO  no build target found for /home/cagri/projects/streaming/streaming/scala/src/main/scala/Streaming.scala. Using presentation compiler with project's scala-library version: 3.3.4
2024.11.14 23:23:38 INFO  no build target found for /home/cagri/projects/streaming/streaming/scala/src/main/scala/Streaming.scala. Using presentation compiler with project's scala-library version: 3.3.4
2024.11.14 23:23:38 INFO  no build target found for /home/cagri/projects/streaming/streaming/scala/src/main/scala/Streaming.scala. Using presentation compiler with project's scala-library version: 3.3.4
2024.11.14 23:23:40 INFO  no build target found for /home/cagri/projects/streaming/streaming/scala/src/main/scala/Streaming.scala. Using presentation compiler with project's scala-library version: 3.3.4
2024.11.14 23:23:40 INFO  no build target found for /home/cagri/projects/streaming/streaming/scala/src/main/scala/Streaming.scala. Using presentation compiler with project's scala-library version: 3.3.4
2024.11.14 23:23:40 INFO  no build target found for /home/cagri/projects/streaming/streaming/scala/src/main/scala/Streaming.scala. Using presentation compiler with project's scala-library version: 3.3.4
2024.11.14 23:23:40 INFO  no build target found for /home/cagri/projects/streaming/streaming/scala/src/main/scala/Streaming.scala. Using presentation compiler with project's scala-library version: 3.3.4
2024.11.14 23:23:40 INFO  no build target found for /home/cagri/projects/streaming/streaming/scala/src/main/scala/Streaming.scala. Using presentation compiler with project's scala-library version: 3.3.4
2024.11.14 23:23:40 INFO  no build target found for /home/cagri/projects/streaming/streaming/scala/src/main/scala/Streaming.scala. Using presentation compiler with project's scala-library version: 3.3.4
2024.11.14 23:23:40 INFO  no build target found for /home/cagri/projects/streaming/streaming/scala/src/main/scala/Streaming.scala. Using presentation compiler with project's scala-library version: 3.3.4
2024.11.14 23:23:41 INFO  no build target found for /home/cagri/projects/streaming/streaming/scala/src/main/scala/Streaming.scala. Using presentation compiler with project's scala-library version: 3.3.4
2024.11.14 23:23:40 INFO  no build target found for /home/cagri/projects/streaming/streaming/scala/src/main/scala/Streaming.scala. Using presentation compiler with project's scala-library version: 3.3.4
2024.11.14 23:23:41 INFO  no build target found for /home/cagri/projects/streaming/streaming/scala/src/main/scala/Streaming.scala. Using presentation compiler with project's scala-library version: 3.3.4
2024.11.14 23:23:40 INFO  no build target found for /home/cagri/projects/streaming/streaming/scala/src/main/scala/Streaming.scala. Using presentation compiler with project's scala-library version: 3.3.4
2024.11.14 23:23:41 INFO  no build target found for /home/cagri/projects/streaming/streaming/scala/src/main/scala/Streaming.scala. Using presentation compiler with project's scala-library version: 3.3.4
2024.11.14 23:23:41 INFO  no build target found for /home/cagri/projects/streaming/streaming/scala/src/main/scala/Streaming.scala. Using presentation compiler with project's scala-library version: 3.3.4
2024.11.14 23:23:41 INFO  no build target found for /home/cagri/projects/streaming/streaming/scala/src/main/scala/Streaming.scala. Using presentation compiler with project's scala-library version: 3.3.4
2024.11.14 23:23:50 INFO  no build target found for /home/cagri/projects/streaming/streaming/scala/src/main/scala/Streaming.scala. Using presentation compiler with project's scala-library version: 3.3.4
2024.11.14 23:23:50 INFO  no build target found for /home/cagri/projects/streaming/streaming/scala/src/main/scala/Streaming.scala. Using presentation compiler with project's scala-library version: 3.3.4
2024.11.14 23:23:51 INFO  no build target found for /home/cagri/projects/streaming/streaming/scala/src/main/scala/Streaming.scala. Using presentation compiler with project's scala-library version: 3.3.4
2024.11.14 23:23:51 INFO  no build target found for /home/cagri/projects/streaming/streaming/scala/src/main/scala/Streaming.scala. Using presentation compiler with project's scala-library version: 3.3.4
2024.11.14 23:23:51 INFO  no build target found for /home/cagri/projects/streaming/streaming/scala/src/main/scala/Streaming.scala. Using presentation compiler with project's scala-library version: 3.3.4
2024.11.14 23:23:52 INFO  no build target found for /home/cagri/projects/streaming/streaming/scala/src/main/scala/Streaming.scala. Using presentation compiler with project's scala-library version: 3.3.4
2024.11.14 23:23:52 INFO  no build target found for /home/cagri/projects/streaming/streaming/scala/src/main/scala/Streaming.scala. Using presentation compiler with project's scala-library version: 3.3.4
2024.11.14 23:23:52 INFO  no build target found for /home/cagri/projects/streaming/streaming/scala/src/main/scala/Streaming.scala. Using presentation compiler with project's scala-library version: 3.3.4
2024.11.14 23:23:52 INFO  no build target found for /home/cagri/projects/streaming/streaming/scala/src/main/scala/Streaming.scala. Using presentation compiler with project's scala-library version: 3.3.4
2024.11.14 23:23:52 INFO  no build target found for /home/cagri/projects/streaming/streaming/scala/src/main/scala/Streaming.scala. Using presentation compiler with project's scala-library version: 3.3.4
2024.11.14 23:23:52 INFO  no build target found for /home/cagri/projects/streaming/streaming/scala/src/main/scala/Streaming.scala. Using presentation compiler with project's scala-library version: 3.3.4
2024.11.14 23:23:53 WARN  no build target for: /home/cagri/projects/streaming/streaming/scala/src/main/scala/Streaming.scala
2024.11.14 23:23:53 INFO  no build target found for /home/cagri/projects/streaming/streaming/scala/src/main/scala/Streaming.scala. Using presentation compiler with project's scala-library version: 3.3.4
2024.11.14 23:23:54 INFO  no build target found for /home/cagri/projects/streaming/streaming/scala/src/main/scala/Streaming.scala. Using presentation compiler with project's scala-library version: 3.3.4
2024.11.14 23:23:55 INFO  no build target found for /home/cagri/projects/streaming/streaming/scala/src/main/scala/Streaming.scala. Using presentation compiler with project's scala-library version: 3.3.4
2024.11.14 23:24:14 INFO  no build target found for /home/cagri/projects/streaming/streaming/scala/src/main/scala/Streaming.scala. Using presentation compiler with project's scala-library version: 3.3.4
2024.11.14 23:24:14 INFO  no build target found for /home/cagri/projects/streaming/streaming/scala/src/main/scala/Streaming.scala. Using presentation compiler with project's scala-library version: 3.3.4
2024.11.14 23:24:14 INFO  no build target found for /home/cagri/projects/streaming/streaming/scala/src/main/scala/Streaming.scala. Using presentation compiler with project's scala-library version: 3.3.4
2024.11.14 23:24:16 INFO  no build target found for /home/cagri/projects/streaming/streaming/scala/src/main/scala/Streaming.scala. Using presentation compiler with project's scala-library version: 3.3.4
2024.11.14 23:24:16 INFO  no build target found for /home/cagri/projects/streaming/streaming/scala/src/main/scala/Streaming.scala. Using presentation compiler with project's scala-library version: 3.3.4
2024.11.14 23:24:16 INFO  no build target found for /home/cagri/projects/streaming/streaming/scala/src/main/scala/Streaming.scala. Using presentation compiler with project's scala-library version: 3.3.4
2024.11.14 23:24:16 INFO  no build target found for /home/cagri/projects/streaming/streaming/scala/src/main/scala/Streaming.scala. Using presentation compiler with project's scala-library version: 3.3.4
2024.11.14 23:24:16 INFO  no build target found for /home/cagri/projects/streaming/streaming/scala/src/main/scala/Streaming.scala. Using presentation compiler with project's scala-library version: 3.3.4
2024.11.14 23:24:16 INFO  no build target found for /home/cagri/projects/streaming/streaming/scala/src/main/scala/Streaming.scala. Using presentation compiler with project's scala-library version: 3.3.4
2024.11.14 23:24:18 INFO  no build target found for /home/cagri/projects/streaming/streaming/scala/src/main/scala/Streaming.scala. Using presentation compiler with project's scala-library version: 3.3.4
2024.11.14 23:24:18 INFO  no build target found for /home/cagri/projects/streaming/streaming/scala/src/main/scala/Streaming.scala. Using presentation compiler with project's scala-library version: 3.3.4
2024.11.14 23:24:19 INFO  no build target found for /home/cagri/projects/streaming/streaming/scala/src/main/scala/Streaming.scala. Using presentation compiler with project's scala-library version: 3.3.4
2024.11.14 23:24:19 INFO  no build target found for /home/cagri/projects/streaming/streaming/scala/src/main/scala/Streaming.scala. Using presentation compiler with project's scala-library version: 3.3.4
2024.11.14 23:24:19 INFO  no build target found for /home/cagri/projects/streaming/streaming/scala/src/main/scala/Streaming.scala. Using presentation compiler with project's scala-library version: 3.3.4
2024.11.14 23:24:19 INFO  no build target found for /home/cagri/projects/streaming/streaming/scala/src/main/scala/Streaming.scala. Using presentation compiler with project's scala-library version: 3.3.4
2024.11.14 23:24:20 INFO  no build target found for /home/cagri/projects/streaming/streaming/scala/src/main/scala/Streaming.scala. Using presentation compiler with project's scala-library version: 3.3.4
2024.11.14 23:24:20 INFO  no build target found for /home/cagri/projects/streaming/streaming/scala/src/main/scala/Streaming.scala. Using presentation compiler with project's scala-library version: 3.3.4
2024.11.14 23:24:21 INFO  no build target found for /home/cagri/projects/streaming/streaming/scala/src/main/scala/Streaming.scala. Using presentation compiler with project's scala-library version: 3.3.4
2024.11.14 23:24:21 WARN  no build target for: /home/cagri/projects/streaming/streaming/scala/src/main/scala/Streaming.scala
2024.11.14 23:24:21 INFO  no build target found for /home/cagri/projects/streaming/streaming/scala/src/main/scala/Streaming.scala. Using presentation compiler with project's scala-library version: 3.3.4
2024.11.14 23:24:21 INFO  no build target found for /home/cagri/projects/streaming/streaming/scala/src/main/scala/Streaming.scala. Using presentation compiler with project's scala-library version: 3.3.4
2024.11.14 23:24:21 INFO  no build target found for /home/cagri/projects/streaming/streaming/scala/src/main/scala/Streaming.scala. Using presentation compiler with project's scala-library version: 3.3.4
2024.11.14 23:24:31 INFO  no build target found for /home/cagri/projects/streaming/streaming/scala/src/main/scala/Streaming.scala. Using presentation compiler with project's scala-library version: 3.3.4
2024.11.14 23:26:29 INFO  Shutting down server
2024.11.14 23:26:29 INFO  shutting down Metals
2024.11.14 23:26:29 INFO  Shut down connection with build server.
2024.11.14 23:26:29 INFO  Exiting server
2024.11.14 23:27:02 INFO  Started: Metals version 1.4.0 in folders '/home/cagri/projects/streaming/streaming/scala' for client Visual Studio Code 1.95.3.
2024.11.14 23:27:02 WARN  Flyway upgrade recommended: H2 2.3.232 is newer than this version of Flyway and support has not been tested. The latest supported version of H2 is 2.2.224.
2024.11.14 23:27:02 INFO  no build target found for /home/cagri/projects/streaming/streaming/scala/src/main/scala/Streaming.scala. Using presentation compiler with project's scala-library version: 3.3.4
2024.11.14 23:27:02 INFO  Attempting to connect to the build server...
2024.11.14 23:27:02 INFO  Found a Bloop server running
2024.11.14 23:27:02 INFO  tracing is disabled for protocol BSP, to enable tracing of incoming and outgoing JSON messages create an empty file at /home/cagri/projects/streaming/streaming/scala/.metals/bsp.trace.json or /home/cagri/.cache/metals/bsp.trace.json
2024.11.14 23:27:02 INFO  time: Connected to build server in 0.18s
2024.11.14 23:27:02 INFO  Connected to Build server: Bloop v2.0.3
2024.11.14 23:27:03 INFO  running doctor check
2024.11.14 23:27:03 INFO  java targets: 
2024.11.14 23:27:03 INFO  no build target found for /home/cagri/projects/streaming/streaming/scala/src/main/scala/Streaming.scala. Using presentation compiler with project's scala-library version: 3.3.4
2024.11.14 23:27:03 WARN  Flyway upgrade recommended: H2 2.3.232 is newer than this version of Flyway and support has not been tested. The latest supported version of H2 is 2.2.224.
2024.11.14 23:27:04 INFO  time: indexed workspace in 1.07s
2024.11.14 23:27:04 WARN  no build target for: /home/cagri/projects/streaming/streaming/scala/src/main/scala/Streaming.scala
2024.11.14 23:27:04 INFO  no build target found for /home/cagri/projects/streaming/streaming/scala/src/main/scala/Streaming.scala. Using presentation compiler with project's scala-library version: 3.3.4
2024.11.14 23:27:05 INFO  no build target found for /home/cagri/projects/streaming/streaming/scala/src/main/scala/Streaming.scala. Using presentation compiler with project's scala-library version: 3.3.4
2024.11.14 23:27:13 INFO  Shutting down server
2024.11.14 23:27:13 INFO  shutting down Metals
2024.11.14 23:27:13 INFO  Shut down connection with build server.
2024.11.14 23:27:13 INFO  Exiting server
